<?xml version="1.0" encoding="UTF-8"?>
<robot generator="Robot 5.0.1 (Python 3.10.7 on darwin)" generated="20220919 20:15:02.095" rpa="false" schemaversion="3">
<suite id="s1" name="Profile" source="/Users/onikepoafolabi/Documents/robot-test/tests/profile/profile.robot">
<kw name="Run Keyword" library="BuiltIn" type="SETUP">
<arg>Run Browser</arg>
<doc>Executes the given keyword with the given arguments.</doc>
<kw name="Run Browser" library="common">
<doc>Opens browsers for running test cases</doc>
<kw name="Open Browser" library="Browser">
<arg>${DEMO_APP_URL}</arg>
<arg>${BROWSER}</arg>
<tag>BrowserControl</tag>
<tag>Setter</tag>
<doc>Opens a new browser instance. Use this keyword for quick experiments or debugging sessions.
Use `New Page` directly instead of `Open Browser` for production and automated execution.
See `Browser, Context and Page` for more information about Browser and related concepts.</doc>
<msg timestamp="20220919 20:15:02.606" level="WARN">Open Browser is for quick experimentation and debugging only. Use New Page for production.</msg>
<msg timestamp="20220919 20:15:02.606" level="INFO">{"browser": "chromium", "headless": false, "handleSIGINT": true, "handleSIGTERM": true, "handleSIGHUP": true, "timeout": 30000.0, "devtools": false, "slowMo": 0.0, "tracesDir": "/Users/onikepoafolabi/Documents/robot-test/result/browser/traces/8ee4c421-c160-4646-9b2c-2c2de17807ae"}</msg>
<msg timestamp="20220919 20:15:03.262" level="INFO">Successfully created browser with options: {"browser":"chromium","headless":false,"handleSIGINT":true,"handleSIGTERM":true,"handleSIGHUP":true,"timeout":30000,"devtools":false,"slowMo":0,"tracesDir":"/Users/onikepoafolabi/Documents/robot-test/result/browser/traces/8ee4c421-c160-4646-9b2c-2c2de17807ae"}</msg>
<msg timestamp="20220919 20:15:03.263" level="INFO">{"acceptDownloads": true, "ignoreHTTPSErrors": false, "bypassCSP": true, "deviceScaleFactor": 1.0, "isMobile": false, "hasTouch": false, "javaScriptEnabled": true, "offline": false, "hideRfBrowser": false, "reducedMotion": "no-preference", "forcedColors": "none"}</msg>
<msg timestamp="20220919 20:15:03.348" level="INFO">Successfully created context. </msg>
<msg timestamp="20220919 20:15:03.349" level="INFO">{'acceptDownloads': True, 'ignoreHTTPSErrors': False, 'bypassCSP': True, 'deviceScaleFactor': 1, 'isMobile': False, 'hasTouch': False, 'javaScriptEnabled': True, 'offline': False, 'hideRfBrowser': False, 'reducedMotion': 'no-preference', 'forcedColors': 'none'}</msg>
<msg timestamp="20220919 20:15:03.909" level="INFO">Successfully initialized new page object and opened url: http://localhost:8080</msg>
<status status="PASS" starttime="20220919 20:15:02.606" endtime="20220919 20:15:03.909"/>
</kw>
<status status="PASS" starttime="20220919 20:15:02.606" endtime="20220919 20:15:03.909"/>
</kw>
<status status="PASS" starttime="20220919 20:15:02.605" endtime="20220919 20:15:03.910"/>
</kw>
<test id="s1-t1" name="Verify User's Credentials Saved After Registration" line="12">
<kw name="Go To Registration Page" library="registration">
<doc>opens registration page</doc>
<kw name="Go To" library="Browser">
<arg>${DEMO_APP_URL}/register</arg>
<tag>BrowserControl</tag>
<tag>Setter</tag>
<doc>Navigates to the given ``url``.</doc>
<msg timestamp="20220919 20:15:03.946" level="INFO">Successfully opened URL http://localhost:8080/register</msg>
<status status="PASS" starttime="20220919 20:15:03.924" endtime="20220919 20:15:03.946"/>
</kw>
<status status="PASS" starttime="20220919 20:15:03.924" endtime="20220919 20:15:03.947"/>
</kw>
<kw name="Set Username Text" library="registration">
<arg>${user.username}</arg>
<doc>provides date for username</doc>
<kw name="Fill Text" library="Browser">
<arg>${USERNAME_FIELD}</arg>
<arg>${u_name}</arg>
<tag>PageContent</tag>
<tag>Setter</tag>
<doc>Clears and fills the given ``txt`` into the text field found by ``selector``.</doc>
<msg timestamp="20220919 20:15:03.948" level="INFO">Fills the text 'Abbas1' in the given field.</msg>
<status status="PASS" starttime="20220919 20:15:03.947" endtime="20220919 20:15:03.995"/>
</kw>
<status status="PASS" starttime="20220919 20:15:03.947" endtime="20220919 20:15:03.995"/>
</kw>
<kw name="Set Secret Password" library="registration">
<arg>${user.password}</arg>
<doc>provides date for username</doc>
<kw name="Fill Secret" library="Browser">
<arg>${PASSWORD_FIELD}</arg>
<arg>$pwd</arg>
<tag>PageContent</tag>
<tag>Setter</tag>
<doc>Fills the given secret from ``variable_name`` into the
text field found by ``selector``.</doc>
<status status="PASS" starttime="20220919 20:15:03.996" endtime="20220919 20:15:04.003"/>
</kw>
<status status="PASS" starttime="20220919 20:15:03.995" endtime="20220919 20:15:04.003"/>
</kw>
<kw name="Set Firstname Text" library="registration">
<arg>${user.first_name}</arg>
<doc>provides date for username</doc>
<kw name="Fill Text" library="Browser">
<arg>${FIRSTNAME_FIELD}</arg>
<arg>${f_name}</arg>
<tag>PageContent</tag>
<tag>Setter</tag>
<doc>Clears and fills the given ``txt`` into the text field found by ``selector``.</doc>
<msg timestamp="20220919 20:15:04.004" level="INFO">Fills the text 'Tomiwa' in the given field.</msg>
<status status="PASS" starttime="20220919 20:15:04.004" endtime="20220919 20:15:04.012"/>
</kw>
<status status="PASS" starttime="20220919 20:15:04.003" endtime="20220919 20:15:04.012"/>
</kw>
<kw name="Set Lastname Text" library="registration">
<arg>${user.last_name}</arg>
<doc>provides date for username</doc>
<kw name="Fill Text" library="Browser">
<arg>${LASTNAME_FIELD}</arg>
<arg>${l_name}</arg>
<tag>PageContent</tag>
<tag>Setter</tag>
<doc>Clears and fills the given ``txt`` into the text field found by ``selector``.</doc>
<msg timestamp="20220919 20:15:04.013" level="INFO">Fills the text 'Kwaku' in the given field.</msg>
<status status="PASS" starttime="20220919 20:15:04.013" endtime="20220919 20:15:04.019"/>
</kw>
<status status="PASS" starttime="20220919 20:15:04.012" endtime="20220919 20:15:04.020"/>
</kw>
<kw name="Set PhoneNumber Text" library="registration">
<arg>${user.phone_num}</arg>
<doc>provides date for username</doc>
<kw name="Fill Text" library="Browser">
<arg>${MOBILENUM_FIELD}</arg>
<arg>${phone_num}</arg>
<tag>PageContent</tag>
<tag>Setter</tag>
<doc>Clears and fills the given ``txt`` into the text field found by ``selector``.</doc>
<msg timestamp="20220919 20:15:04.020" level="INFO">Fills the text '+5363797737' in the given field.</msg>
<status status="PASS" starttime="20220919 20:15:04.020" endtime="20220919 20:15:04.025"/>
</kw>
<status status="PASS" starttime="20220919 20:15:04.020" endtime="20220919 20:15:04.025"/>
</kw>
<kw name="Submit Registration Information" library="registration">
<doc>clicks submit button</doc>
<kw name="Click" library="Browser">
<arg>${REGISTRATION_BUTTON}</arg>
<tag>PageContent</tag>
<tag>Setter</tag>
<doc>Simulates mouse click on the element found by ``selector``.</doc>
<status status="PASS" starttime="20220919 20:15:04.026" endtime="20220919 20:15:04.126"/>
</kw>
<status status="PASS" starttime="20220919 20:15:04.025" endtime="20220919 20:15:04.126"/>
</kw>
<kw name="Log In User" library="login">
<arg>${user.username}</arg>
<arg>${user.password}</arg>
<doc>Logs in user into account</doc>
<kw name="Fill Text" library="Browser">
<arg>${USERNAME_FIELD}</arg>
<arg>${u_name}</arg>
<tag>PageContent</tag>
<tag>Setter</tag>
<doc>Clears and fills the given ``txt`` into the text field found by ``selector``.</doc>
<msg timestamp="20220919 20:15:04.127" level="INFO">Fills the text 'Abbas1' in the given field.</msg>
<status status="PASS" starttime="20220919 20:15:04.127" endtime="20220919 20:15:04.150"/>
</kw>
<kw name="Fill Secret" library="Browser">
<arg>${PWD_FIELD}</arg>
<arg>$pwd</arg>
<tag>PageContent</tag>
<tag>Setter</tag>
<doc>Fills the given secret from ``variable_name`` into the
text field found by ``selector``.</doc>
<status status="PASS" starttime="20220919 20:15:04.151" endtime="20220919 20:15:04.156"/>
</kw>
<kw name="Click" library="Browser">
<arg>${LOGIN_BUTTON}</arg>
<tag>PageContent</tag>
<tag>Setter</tag>
<doc>Simulates mouse click on the element found by ``selector``.</doc>
<status status="PASS" starttime="20220919 20:15:04.156" endtime="20220919 20:15:04.250"/>
</kw>
<status status="PASS" starttime="20220919 20:15:04.126" endtime="20220919 20:15:04.250"/>
</kw>
<kw name="Verify Profile User's Information" library="profile">
<arg>${user.username}</arg>
<arg>${user.first_name}</arg>
<arg>${user.last_name}</arg>
<arg>${user.phone_num}</arg>
<doc>verifies profile user data was saved correctly</doc>
<kw name="Get Text" library="Browser">
<arg>${USERNAME_LOCATOR}</arg>
<arg>==</arg>
<arg>${username}</arg>
<tag>Assertion</tag>
<tag>Getter</tag>
<tag>PageContent</tag>
<doc>Returns text attribute of the element found by ``selector``.</doc>
<status status="PASS" starttime="20220919 20:15:04.252" endtime="20220919 20:15:04.270"/>
</kw>
<kw name="Get Text" library="Browser">
<arg>${FIRSTNAME_LOCATOR}</arg>
<arg>==</arg>
<arg>${firstname}</arg>
<tag>Assertion</tag>
<tag>Getter</tag>
<tag>PageContent</tag>
<doc>Returns text attribute of the element found by ``selector``.</doc>
<status status="PASS" starttime="20220919 20:15:04.270" endtime="20220919 20:15:04.275"/>
</kw>
<kw name="Get Text" library="Browser">
<arg>${lastname_locator}</arg>
<arg>==</arg>
<arg>${lastname}</arg>
<tag>Assertion</tag>
<tag>Getter</tag>
<tag>PageContent</tag>
<doc>Returns text attribute of the element found by ``selector``.</doc>
<status status="PASS" starttime="20220919 20:15:04.275" endtime="20220919 20:15:04.279"/>
</kw>
<kw name="Get Text" library="Browser">
<arg>${phone_locator}</arg>
<arg>==</arg>
<arg>${phone}</arg>
<tag>Assertion</tag>
<tag>Getter</tag>
<tag>PageContent</tag>
<doc>Returns text attribute of the element found by ``selector``.</doc>
<status status="PASS" starttime="20220919 20:15:04.279" endtime="20220919 20:15:04.283"/>
</kw>
<status status="PASS" starttime="20220919 20:15:04.250" endtime="20220919 20:15:04.283"/>
</kw>
<doc>This test case verifies login and review user´s information</doc>
<tag>Functional</tag>
<status status="PASS" starttime="20220919 20:15:03.910" endtime="20220919 20:15:04.283"/>
</test>
<doc>Test suite for reviewing user's profile</doc>
<status status="PASS" starttime="20220919 20:15:02.096" endtime="20220919 20:15:04.285"/>
</suite>
<statistics>
<total>
<stat pass="1" fail="0" skip="0">All Tests</stat>
</total>
<tag>
<stat pass="1" fail="0" skip="0">Functional</stat>
</tag>
<suite>
<stat pass="1" fail="0" skip="0" id="s1" name="Profile">Profile</stat>
</suite>
</statistics>
<errors>
<msg timestamp="20220919 20:15:02.606" level="WARN">Open Browser is for quick experimentation and debugging only. Use New Page for production.</msg>
</errors>
</robot>
